[420,127,304166,304161,304158] => [304163], 0.9616752623154899
[327,127,304165,304162,304158,304163] => [304160], 0.9585128450614329
[88,201,420,304166] => [304163], 0.9572857764245324
[47,304159,304165,304162,304158,304163] => [304160], 0.9553107648217805
[304157,304155,304165,304162,304163] => [304160], 0.953284784629687
[327,127,304155,304156,304163] => [304160], 0.9528661365142479
[127,304155,304165,304156,304161] => [304160], 0.9640593267277986
[201,127,304159,304161,304160] => [304163], 0.9501093383008018
[201,127,304159,304166] => [304163], 0.9513888888888888
[201,127,304166,304162,304158] => [304163], 0.9595893223819302
[88,420,304166,304158] => [304163], 0.9502114417936647
[420,127,304155,304156,304158] => [304160], 0.9510476878612717
[201,420,127,304155] => [304163], 0.959582073137201
[47,304165,304162,304161,304158] => [304160], 0.9535653937140925
[143,127,304155,304156,304158,304163] => [304160], 0.9644571639586411
[127,304165,304162,304156,304161,304158,304163] => [304160], 0.9694386243768514
[127,304155,304159,304156,304158] => [304160], 0.9504897500401435
[201,420,304161,304158] => [304163], 0.9554025740796169
[98,127,304155,304165,304158,304163] => [304160], 0.9610093752738106
[495,304155,304162,304156,304158] => [304160], 0.9596820809248555
[127,304155,304165,304156,304161,304158,304163] => [304160], 0.9774615384615385
[327,304155,304165,304162,304161] => [304160], 0.9596510359869138
[304155,304159,304165,304162,304158,304163] => [304160], 0.9545114539504441
[304155,304159,304165,304161,304158] => [304160], 0.9504870515561891
[143,420,304166,304158] => [304163], 0.9515290385123821
[201,420,304159,304161] => [304163], 0.9596424231904184
[495,304159,304165,304158,304163] => [304160], 0.9543008300647633
[420,127,304159,304158,304160] => [304163], 0.9501350372175746
[98,304155,304162,304156,304163] => [304160], 0.9508701678730941
[304155,304165,304162,304161,304158] => [304160], 0.9505582693649686
[201,420,127,304162,304158] => [304163], 0.9665119363395226
[327,304155,304165,304162,304163] => [304160], 0.9544639426156014
[127,304155,304159,304165,304162,304163] => [304160], 0.9593325011497273
[61,304155,304165,304162,304158] => [304160], 0.9506437768240343
[304157,304165,304162,304161,304158] => [304160], 0.9506225481835238
[47,304155,304159,304165] => [304160], 0.950044315526549
[143,304155,304159,304165,304162] => [304160], 0.9532735669654985
[201,127,304166,304161,304160] => [304163], 0.9599789823977581
[47,304155,304156,304161,304158] => [304160], 0.9566111453835081
[420,304155,304165,304162,304158,304163] => [304160], 0.954486973303313
[420,304159,304162,304161,304158,304160] => [304163], 0.9550911516229436
[420,304166,304165,304161,304160] => [304163], 0.9519853069791849
[495,304155,304165,304156,304158] => [304160], 0.9694796531020681
[304157,304155,304165,304162,304158] => [304160], 0.9568111226149978
[420,304166,304162,304161,304158] => [304163], 0.957928273833837
[201,47,420,304158] => [304163], 0.9538449973690145
[98,304155,304162,304161,304158,304163] => [304160], 0.9505082733546042
[127,304159,304165,304162,304156,304158,304163] => [304160], 0.9654680817361001
[327,127,304155,304165,304158] => [304160], 0.9590076281457189
[98,304155,304165,304162,304158,304163] => [304160], 0.9611806223933269
[201,304155,304165,304161,304158,304163] => [304160], 0.9531289374212516
[304155,304166,304156,304161,304158] => [304160], 0.9533965908136703
[304157,127,304155,304162,304156] => [304160], 0.9542647453682985
[127,304155,304165,304156,304161,304163] => [304160], 0.9703515459551038
[420,304155,304162,304156,304158,304163] => [304160], 0.9538434992666724
[47,304155,304165,304156,304161] => [304160], 0.9676676410665249
[98,304155,304165,304156,304158] => [304160], 0.9546603604338253
[304155,304165,304156,304161,304158] => [304160], 0.9532625629506177
[327,304155,304165,304162,304156,304158] => [304160], 0.9716003700277521
[47,304155,304165,304161,304158] => [304160], 0.9650735294117647
[327,127,304155,304165,304163] => [304160], 0.9526635784597568
[127,304165,304162,304156,304161,304158] => [304160], 0.964720974983964
[143,127,304165,304156,304158] => [304160], 0.9543886224017504
[143,201,127,304158,304160] => [304163], 0.9521408269918401
[420,304155,304165,304161,304158] => [304160], 0.9550043516100958
[201,420,127,304162] => [304163], 0.9539448848622122
[201,420,304166,304162,304158] => [304163], 0.9738812785388128
[327,304159,304165,304162,304158,304163] => [304160], 0.9530906011854361
[304155,304159,304165,304162,304156,304161,304163] => [304160], 0.9728127939793039
[143,304155,304162,304156,304161] => [304160], 0.9526657552973342
[201,420,304155,304158] => [304163], 0.9562149036272576
[127,304155,304162,304156,304161] => [304160], 0.9566977842762344
[46,127,304155,304162,304158,304163] => [304160], 0.9510373443983402
[127,304155,304159,304165,304158] => [304160], 0.953475250064119
[47,127,304155,304165,304162] => [304160], 0.9676076728193992
[304157,127,304155,304165,304158] => [304160], 0.9605143094151805
[304155,304165,304162,304156,304158,304163] => [304160], 0.9604187240766344
[495,304155,304156,304161] => [304160], 0.9566193569080266
[304155,304166,304156,304161,304158,304163] => [304160], 0.9588246131171703
[327,127,304165,304161,304158,304163] => [304160], 0.9601243826595939
[201,304166,304165,304162,304160] => [304163], 0.9549844926894108
[47,127,304165,304156,304158,304163] => [304160], 0.9597181068311044
[127,304155,304165,304162,304156,304158,304163] => [304160], 0.9754876462938882
[127,304165,304156,304161,304158,304163] => [304160], 0.9569049421433978
[201,420,127,304156] => [304163], 0.957880676758682
[304155,304165,304162,304156,304161,304163] => [304160], 0.9664944062695213
[98,304155,304159,304156,304158] => [304160], 0.9506420180311447
[47,127,304165,304162,304158] => [304160], 0.954062159214831
[127,304155,304159,304165,304161,304163] => [304160], 0.9636779073432084
[420,304166,304162,304161,304160] => [304163], 0.9558844558844559
[495,304155,304162,304161,304163] => [304160], 0.9592850049652433
[201,420,304166,304162,304160] => [304163], 0.9699010222294338
[143,304155,304165,304162,304156] => [304160], 0.9648085841593161
[47,304155,304165,304162,304158] => [304160], 0.961836387681844
[327,304155,304159,304165,304162] => [304160], 0.9586004762777065
[304159,304165,304162,304156,304161,304158,304163] => [304160], 0.9604981944137372
[143,127,304165,304162,304158,304163] => [304160], 0.9519867549668874
[327,304155,304162,304161,304158,304163] => [304160], 0.9572831184056272
[304155,304159,304165,304162,304156,304158,304163] => [304160], 0.9692415239426774
[127,304165,304162,304156,304161,304163] => [304160], 0.9606568144499179
[420,304155,304165,304156,304158,304163] => [304160], 0.9581248353963655
[143,304165,304162,304156,304158] => [304160], 0.950281168563983
[143,304155,304156,304161,304158] => [304160], 0.9531226486079759
[327,304155,304159,304162,304158,304163] => [304160], 0.9554678247137781
[304157,127,304155,304156,304163] => [304160], 0.9512031525111092
[46,304155,304165,304161,304158,304163] => [304160], 0.9553143145670285
[127,304155,304159,304165,304162,304156,304158] => [304160], 0.9767419962335216
[201,304166,304162,304161,304160] => [304163], 0.9542954214528393
[47,304155,304162,304156,304158,304163] => [304160], 0.9591190640055058
[304155,304165,304162,304156,304161] => [304160], 0.959175795010375
[495,304165,304162,304161,304163] => [304160], 0.951575456053068
[47,304165,304156,304161,304158,304163] => [304160], 0.9588066030592155
[127,304155,304156,304161,304158] => [304160], 0.95525917517972
[127,304155,304159,304162,304156,304161] => [304160], 0.9675774134790528
[304155,304159,304162,304156,304161,304158] => [304160], 0.9589284580714784
[420,127,304159,304166,304160] => [304163], 0.9623023170283193
[127,304159,304165,304162,304161,304158,304163] => [304160], 0.9610290759628558
[201,420,127,304160] => [304163], 0.9535338713621913
[495,304155,304165,304162,304158,304163] => [304160], 0.9732759393776343
[201,420,304159,304158] => [304163], 0.9583238958097395
[47,420,127,304166,304158] => [304163], 0.9518386507867512
[143,304155,304162,304156,304158] => [304160], 0.9507051364989002
[47,304155,304162,304161,304158,304163] => [304160], 0.9613852283174993
[201,420,304162,304158,304160] => [304163], 0.9634838546922301
[327,304165,304162,304161,304158,304163] => [304160], 0.9575424188424886
[98,304165,304162,304161,304158,304163] => [304160], 0.9517106200997861
[127,304159,304165,304156,304158,304163] => [304160], 0.9528023598820059
[47,304165,304156,304161,304158] => [304160], 0.9521472392638037
[903,201,304158,304160] => [304163], 0.9578028665225399
[143,127,304156,304161,304158,304163] => [304160], 0.9534777023307028
[143,304155,304165,304156,304163] => [304160], 0.960947034415426
[327,304155,304165,304156,304158] => [304160], 0.9567313874244567
[127,304155,304165,304162,304161,304158] => [304160], 0.9671696333844159
[127,304159,304165,304156,304161,304163] => [304160], 0.9573097405943995
[143,304155,304156,304161,304158,304163] => [304160], 0.9624362758250604
[47,304155,304159,304165,304158] => [304160], 0.9645140952895613
[61,304155,304165,304161,304158] => [304160], 0.9512130801687764
[495,127,304155,304161] => [304160], 0.957350272232305
[201,127,304155,304165,304158] => [304160], 0.9524672867728204
[143,304155,304165,304162,304161] => [304160], 0.9592583141957982
[304157,304155,304162,304156,304158,304163] => [304160], 0.9588149112811329
[47,127,304155,304156,304163] => [304160], 0.9500255343984825
[127,304155,304159,304156,304158,304163] => [304160], 0.9585695595290014
[327,127,304165,304156,304158] => [304160], 0.9512942504636723
[327,304155,304165,304156,304163] => [304160], 0.953941908713693
[304155,304159,304165,304161,304158,304163] => [304160], 0.9587816586657838
[327,304155,304165,304162,304161,304158] => [304160], 0.9704346204066405
[903,420,304161] => [304163], 0.9505103900838499
[127,304155,304166,304165,304158] => [304160], 0.9552333917476502
[127,304159,304162,304156,304161,304158,304163] => [304160], 0.9607923051842191
[304157,127,304155,304156,304158] => [304160], 0.9539065567334118
[495,304155,304161,304158,304163] => [304160], 0.9607380073800738
[420,127,304166,304156,304158] => [304163], 0.951197711834108
[304155,304165,304156,304161,304158,304163] => [304160], 0.9615980865482571
[127,304155,304165,304162,304161,304158,304163] => [304160], 0.9719275123558484
[201,420,304165,304161] => [304163], 0.9521759923481588
[327,127,304155,304162,304161] => [304160], 0.952005667227486
[201,127,304166,304162,304158,304160] => [304163], 0.9656537753222836
[127,304155,304159,304162,304161,304158] => [304160], 0.9580819507290096
[98,304155,304156,304161,304158] => [304160], 0.9539445628997868
[127,304155,304159,304156,304161,304158,304163] => [304160], 0.9733893557422969
[127,304155,304159,304156,304161] => [304160], 0.9569392348087021
[127,304155,304165,304162,304158] => [304160], 0.9531691712542777
[327,127,304155,304156,304158,304163] => [304160], 0.9646694591149153
[327,304165,304156,304161,304158,304163] => [304160], 0.9610266159695817
[127,304155,304165,304162,304156,304161] => [304160], 0.9751818916734034
[47,304155,304165,304156,304158] => [304160], 0.9591454059889767
[327,304162,304156,304161,304158,304163] => [304160], 0.9562095558904352
[495,304155,304156,304158,304163] => [304160], 0.9587255107020847
[420,127,304166,304162,304158] => [304163], 0.9577917440365662
[201,304166,304161,304158,304160] => [304163], 0.9510892188150409
[127,304155,304159,304165,304162,304161] => [304160], 0.9686498657659999
[47,304155,304165,304162,304156] => [304160], 0.9666045229796547
[127,304155,304159,304165,304156] => [304160], 0.9587983435109145
[143,420,127,304158,304160] => [304163], 0.9517485613103143
[327,127,304159,304165,304158] => [304160], 0.9501801801801801
[420,127,304155,304165,304158,304163] => [304160], 0.9555107055107055
[903,420,304162] => [304163], 0.9550257619421885
[420,304166,304165,304162,304158] => [304163], 0.9579519710013593
[495,304165,304156,304161,304158] => [304160], 0.9632571996027806
[304155,304159,304165,304162,304161,304158,304163] => [304160], 0.9677982676725342
[327,304155,304165,304162,304156] => [304160], 0.9633121019108281
[201,420,304165,304162] => [304163], 0.9567592171142467
[420,127,304159,304162,304158,304160] => [304163], 0.9580330648579907
[143,304155,304165,304162,304163] => [304160], 0.9502800163912034
[304157,304155,304162,304161,304158,304163] => [304160], 0.9547124668888319
[47,304155,304162,304161,304158] => [304160], 0.9554033178856874
[495,127,304162,304156,304158,304163] => [304160], 0.9600846132622092
[143,304155,304156,304161,304163] => [304160], 0.9515947164948454
[143,127,304162,304156,304158,304163] => [304160], 0.9505829665662883
[47,304155,304165,304162,304158,304163] => [304160], 0.9668532070598365
[903,201,127] => [304163], 0.9536508477464428
[201,420,304156,304158,304160] => [304163], 0.9589413225706303
[420,304155,304166,304162,304160] => [304163], 0.9570540935672515
[304155,304159,304162,304156,304161,304158,304163] => [304160], 0.965547768351162
[143,304155,304159,304162,304156] => [304160], 0.9500316828098126
[304157,127,304155,304161,304158] => [304160], 0.9511572498298162
[420,127,304165,304161,304158,304160] => [304163], 0.9537078651685393
[46,127,304155,304165,304158] => [304160], 0.9536644205972881
[47,127,304165,304161,304158] => [304160], 0.9565573099893643
[47,127,304155,304156,304158,304163] => [304160], 0.9619443556124081
[495,304155,304165,304161,304158] => [304160], 0.9699582501361409
[47,127,304155,304156,304158] => [304160], 0.9560876850041887
[495,304165,304162,304156,304163] => [304160], 0.9582743399683518
[46,304155,304165,304156,304158,304163] => [304160], 0.9538317318959456
[47,304155,304165,304158,304163] => [304160], 0.9510162304430473
[420,304166,304162,304156,304160] => [304163], 0.9504716981132075
[127,304155,304159,304162,304156,304163] => [304160], 0.9597855227882037
[47,304155,304165,304162,304156,304163] => [304160], 0.970017474478065
[304155,304159,304165,304156,304158,304163] => [304160], 0.9595091361228241
[304155,304165,304162,304161,304158,304163] => [304160], 0.9582441994405134
[495,304155,304159,304158,304163] => [304160], 0.9604972375690608
[201,420,304156,304161] => [304163], 0.9534209333937471
[47,304165,304162,304156,304158,304163] => [304160], 0.9572936660268714
[495,127,304165,304162,304158] => [304160], 0.9601533844614871
[1005,201,420,304166] => [304163], 0.9529421326397919
[420,127,304155,304165,304158] => [304160], 0.9525593008739076
[29,304155,304162,304156,304158] => [304160], 0.9526096411743386
[143,127,304165,304161,304158,304163] => [304160], 0.9540280210157618
[201,304155,304162,304156,304158,304163] => [304160], 0.9506448412698413
[495,127,304165,304158,304163] => [304160], 0.9534653465346534
[127,304155,304159,304161,304158,304163] => [304160], 0.9562060889929742
[201,420,304166,304165] => [304163], 0.9560175929628149
[47,127,304165,304162,304156] => [304160], 0.9614015877361073
[127,304159,304165,304156,304161,304158] => [304160], 0.9613057189124691
[47,420,127,304162,304158] => [304163], 0.9528729381910459
[420,127,304166,304162,304160] => [304163], 0.956156117601746
[304155,304159,304165,304162,304161,304158] => [304160], 0.9625408169552092
[201,420,304162,304156] => [304163], 0.9572788882216694
[143,127,304155,304165,304162] => [304160], 0.9597989949748744
[327,304155,304156,304161,304158,304163] => [304160], 0.9643774922463447
[127,304155,304162,304156,304161,304158] => [304160], 0.966569857257616
[495,304155,304165,304163] => [304160], 0.9517989219004638
[143,127,304155,304159,304158,304163] => [304160], 0.9547791234643199
[201,420,304159,304160] => [304163], 0.9553583168967784
[304157,127,304165,304162,304158,304163] => [304160], 0.9512538276917984
[47,127,304155,304162,304158,304163] => [304160], 0.9601486230511438
[495,47,304155,304158] => [304160], 0.9515347334410339
[495,304155,304165,304156] => [304160], 0.9608349146110057
[495,127,304155,304156] => [304160], 0.9581015299026425
[201,420,127,304166,304160] => [304163], 0.9696779261586803
[47,127,304165,304161,304158,304163] => [304160], 0.9610272176507821
[59,304155,304162,304161,304158,304163] => [304160], 0.9518218975563092
[47,304155,304159,304156,304158] => [304160], 0.9566730468070298
[304157,304165,304162,304156,304158] => [304160], 0.9538306607793012
[143,304155,304162,304161,304158,304163] => [304160], 0.9512094557449148
[143,304165,304162,304156,304161] => [304160], 0.9523767135481573
[143,127,304155,304162,304156] => [304160], 0.9557012492247718
[201,127,304166,304162,304160] => [304163], 0.9594797774770711
[201,420,304159,304158,304160] => [304163], 0.9675371132176712
[127,304155,304156,304161,304163] => [304160], 0.9505408062930187
[47,127,304155,304165,304158,304163] => [304160], 0.969326662839334
[98,127,304155,304165,304162] => [304160], 0.9555318392031306
[304155,304159,304165,304162,304156,304161] => [304160], 0.9676163657445751
[304155,304159,304165,304162,304156,304163] => [304160], 0.9621026894865525
[327,304155,304162,304156,304161] => [304160], 0.9575863980779893
[127,304155,304159,304162,304156] => [304160], 0.9510553129548762
[420,304166,304162,304161,304158,304160] => [304163], 0.9633900787113308
[327,127,304155,304165,304162] => [304160], 0.9630140529355979
[59,304155,304165,304162,304158] => [304160], 0.9526026941626476
[327,304155,304159,304165,304158] => [304160], 0.9557989284588717
[47,304155,304165,304161] => [304160], 0.9524372782170205
[143,304155,304165,304161,304158,304163] => [304160], 0.9640109420413746
[143,127,304155,304159,304162,304158] => [304160], 0.9563907108668676
[495,304155,304165,304158] => [304160], 0.9553296012795613
[201,420,304159,304162] => [304163], 0.9548747834304615
[201,420,304165,304162,304160] => [304163], 0.9642075785420495
[304155,304159,304165,304162,304156,304158] => [304160], 0.9635669253152279
[304157,304155,304165,304156,304158] => [304160], 0.9621680307332554
[304155,304159,304162,304156,304158,304163] => [304160], 0.9519305772230889
[327,304155,304165,304162,304158,304163] => [304160], 0.9668698458228756
[420,304159,304166,304162,304160] => [304163], 0.9588550983899821
[201,420,127,304166,304158] => [304163], 0.973036768043577
[201,420,304166,304158] => [304163], 0.9562582345191041
[143,127,304155,304162,304161,304158] => [304160], 0.9573405746320953
[127,304155,304165,304162,304156,304161,304163] => [304160], 0.9792760180995476
[201,420,304155,304158,304160] => [304163], 0.9634218289085545
[495,304165,304162,304161,304158] => [304160], 0.9577958273610447
[495,304155,304165,304158,304163] => [304160], 0.9644413211524947
[201,420,127,304161] => [304163], 0.9606602675974404
[143,304155,304165,304156,304158,304163] => [304160], 0.9692802286122522
[226,420,304166,304160] => [304163], 0.9517941283073578
[420,127,304166,304162,304158,304160] => [304163], 0.9632406287787183
[304157,127,304165,304156,304158] => [304160], 0.9530822823882177
[127,304155,304156,304161,304158,304163] => [304160], 0.9632527133491268
[304155,304166,304165,304161,304158] => [304160], 0.9550117114934173
[495,304155,304162,304156,304163] => [304160], 0.961055997376404
[47,420,304166,304162,304160] => [304163], 0.9522435897435897
[327,304155,304156,304161,304158] => [304160], 0.9549810563851125
[47,304155,304162,304156,304158] => [304160], 0.951975076416647
[495,127,304165,304156] => [304160], 0.9526258798050893
[327,304155,304159,304156,304158] => [304160], 0.954130786938358
[495,304155,304162,304158,304163] => [304160], 0.9514066496163683
[47,127,304155,304165,304158] => [304160], 0.9653382084095063
[47,304155,304159,304156,304163] => [304160], 0.9514704543385232
[201,420,304162,304158] => [304163], 0.9537116040955631
[420,127,304155,304162,304158,304160] => [304163], 0.950642273258077
[47,420,304166,304162,304158] => [304163], 0.9551597051597052
[47,127,304155,304162,304156] => [304160], 0.9599200139106242
[495,127,304155,304165] => [304160], 0.9627631346187865
[327,304155,304159,304165,304163] => [304160], 0.95007637269877
[127,304155,304165,304162,304161] => [304160], 0.9576451784762919
[127,304159,304165,304162,304156,304163] => [304160], 0.9532184819433431
[304155,304159,304165,304162,304161] => [304160], 0.9522507247169502
[495,304165,304156,304158,304163] => [304160], 0.9545423473921663
[47,304165,304162,304156,304158] => [304160], 0.9505344418052256
[495,304155,304159,304162,304158] => [304160], 0.9576680959766445
[304155,304159,304165,304162,304156,304161,304158] => [304160], 0.9734147655828992
[47,127,304155,304161,304158,304163] => [304160], 0.96236169054961
[201,420,127,304166] => [304163], 0.9550076691473044
[495,127,304165,304162,304163] => [304160], 0.9538528138528138
[201,127,304155,304165,304158,304163] => [304160], 0.9547847889678228
[201,420,304155,304160] => [304163], 0.9509545975848344
[127,304155,304166,304165,304158,304163] => [304160], 0.9587593435862187
[420,127,304159,304162,304158] => [304163], 0.9518267303838446
[495,127,304162,304156,304158] => [304160], 0.9520156555772994
[98,304155,304165,304156,304163] => [304160], 0.954044279791832
[201,304155,304165,304156,304158] => [304160], 0.9511411121825779
[201,420,304161,304158,304160] => [304163], 0.9629603298734537
[327,304155,304159,304161,304158,304163] => [304160], 0.9589016018306636
[495,304165,304162,304156,304158,304163] => [304160], 0.9679032551372977
[304155,304166,304165,304162,304158] => [304160], 0.9537666383460776
[47,304155,304165,304162,304163] => [304160], 0.95578231292517
[327,127,304165,304161,304158] => [304160], 0.9529734970911441
[127,304155,304165,304156,304158] => [304160], 0.9567873209789921
[420,304155,304165,304156,304158] => [304160], 0.9547648261758691
[47,127,304155,304162,304156,304158] => [304160], 0.968945257856943
[304155,304159,304165,304162,304161,304163] => [304160], 0.9592583249243188
[327,304155,304162,304156,304158,304163] => [304160], 0.961679831078439
[201,420,304162,304161,304160] => [304163], 0.9663272010512484
[304157,127,304155,304156,304158,304163] => [304160], 0.9622034210042303
[47,127,304165,304162,304158,304163] => [304160], 0.9598786499810391
[495,127,304155,304162,304163] => [304160], 0.9563329715287635
[495,304165,304162,304156,304158] => [304160], 0.9602355280263057
[143,304165,304162,304156,304158,304163] => [304160], 0.9579985681330045
[201,304159,304166,304161] => [304163], 0.9513413992635456
[327,127,304155,304162,304158,304163] => [304160], 0.9574763961062724
[127,304155,304159,304165,304161] => [304160], 0.956628535335813
[327,304155,304159,304156,304163] => [304160], 0.9527020869406726
[127,304165,304162,304156,304161] => [304160], 0.9541078120495821
[201,420,304166,304162] => [304163], 0.9578373015873016
[127,304155,304159,304156,304161,304163] => [304160], 0.964910775566232
[304157,127,304155,304165,304163] => [304160], 0.9519458544839255
[201,420,127,304162,304160] => [304163], 0.9664064891337618
[127,304155,304159,304165,304158,304163] => [304160], 0.9597472501755208
[201,420,127,304161,304160] => [304163], 0.9700168544309412
[304157,304165,304162,304156,304158,304163] => [304160], 0.9609760473670046
[327,304155,304165,304156,304161] => [304160], 0.9632305862983628
[47,127,304155,304161,304158] => [304160], 0.9577441765427054
[143,304155,304165,304161,304163] => [304160], 0.9508084718742883
[127,304159,304165,304162,304161,304158] => [304160], 0.9551031599150045
[127,304155,304159,304165,304162,304161,304158] => [304160], 0.9753828807667011
[201,304155,304165,304156,304158,304163] => [304160], 0.9557115617958052
[143,304155,304159,304161,304158,304163] => [304160], 0.9502081740164839
[127,304155,304162,304156,304161,304158,304163] => [304160], 0.9723122446103988
[127,304155,304159,304156,304161,304158] => [304160], 0.9674137788437681
[88,201,304166,304160] => [304163], 0.9555080975262502
[47,304155,304165,304161,304158,304163] => [304160], 0.968539690261899
[327,304159,304165,304156,304158] => [304160], 0.950207468879668
[98,127,304155,304161,304158,304163] => [304160], 0.9543437446663253
[327,304155,304165,304161,304158,304163] => [304160], 0.967442229810212
[495,127,304155,304162,304158] => [304160], 0.9577944706884535
[47,127,304155,304165,304163] => [304160], 0.9573994359507199
[47,127,304155,304162,304158] => [304160], 0.9536522301228184
[127,304155,304165,304162,304156,304163] => [304160], 0.9683563377734916
[304155,304159,304165,304162,304156] => [304160], 0.9546879296123179
[47,304155,304159,304162,304158] => [304160], 0.9514925373134329
[143,304155,304159,304165,304158] => [304160], 0.9562412110182811
[143,304165,304156,304161,304158] => [304160], 0.9507400379506641
[47,304155,304165,304156,304158,304163] => [304160], 0.9651782056534207
[143,304155,304165,304162,304158] => [304160], 0.9570070003962489
[420,127,304165,304162,304158,304160] => [304163], 0.9520356522395952
[327,127,304162,304156,304158,304163] => [304160], 0.9561331509347926
[29,127,304155,304162,304158,304163] => [304160], 0.9528439033254589
[495,304162,304156,304161,304158,304163] => [304160], 0.9583556268949527
[47,304155,304165,304162,304156,304158] => [304160], 0.9729355814958928
[143,127,304155,304165,304163] => [304160], 0.9526248399487837
[420,127,304155,304165,304158,304160] => [304163], 0.9514198339886414
[143,127,304155,304162,304158,304163] => [304160], 0.9535691944116216
[420,127,304166,304165,304160] => [304163], 0.9550440418813362
[201,127,304166,304158,304160] => [304163], 0.9565302911093627
[143,127,304155,304162,304161,304163] => [304160], 0.9545744777889263
[127,304155,304159,304165,304156,304158] => [304160], 0.9686341161928307
[304155,304159,304165,304156,304161,304158,304163] => [304160], 0.9714966321669131
[304155,304159,304165,304156,304161,304163] => [304160], 0.9636756918027896
[327,304165,304162,304156,304158] => [304160], 0.9510854816824966
[127,304155,304159,304165,304162,304158] => [304160], 0.9651267533136019
[327,304155,304159,304165,304158,304163] => [304160], 0.9648690573957478
[495,304155,304165,304156,304163] => [304160], 0.97002876496242
[304155,304166,304162,304161,304158,304163] => [304160], 0.9502758014229754
[201,420,127,304159] => [304163], 0.961611130195809
[47,304155,304156,304161,304163] => [304160], 0.9505752948838556
[29,304155,304165,304158,304163] => [304160], 0.9539362740747315
[127,304159,304162,304156,304161,304158] => [304160], 0.9543326370381041
[304155,304166,304165,304156,304158,304163] => [304160], 0.9596001321877066
[495,304155,304162,304161,304158,304163] => [304160], 0.9681112019623875
[143,304155,304165,304156] => [304160], 0.9515497216686138
[201,420,304155,304162] => [304163], 0.9595529536987759
[304155,304165,304162,304156,304161,304158] => [304160], 0.9679816121445372
[201,420,304162,304160] => [304163], 0.9511377245508982
[127,304155,304162,304161,304158,304163] => [304160], 0.9529959126880598
[47,304165,304162,304161,304158,304163] => [304160], 0.958905154010369
[327,127,304165,304162,304158] => [304160], 0.951221224031443
[201,47,420,304160] => [304163], 0.9505102381111186
[327,127,304155,304161,304158] => [304160], 0.9509374055034775
[47,304155,304165,304162,304161] => [304160], 0.9686135371179039
[304157,304155,304165,304162,304158,304163] => [304160], 0.9638820430016147
[201,420,127,304162,304158,304160] => [304163], 0.9727035587851687
[143,127,304155,304156,304158] => [304160], 0.955672068636797
[127,304155,304159,304162,304156,304158] => [304160], 0.9624310127003125
[420,304155,304165,304161,304158,304163] => [304160], 0.957968476357268
[201,127,304166,304161] => [304163], 0.9501155067860236
[201,420,127,304158,304160] => [304163], 0.9658552850950317
[98,304155,304159,304165,304158] => [304160], 0.951791004578508
[201,420,304165,304156] => [304163], 0.9516783474732571
[127,304159,304165,304162,304156,304158] => [304160], 0.9605503299171697
[47,304155,304162,304156,304161] => [304160], 0.9599255253125277
[46,127,304155,304156,304158] => [304160], 0.9536320139190952
[201,420,304165,304158,304160] => [304163], 0.9591016718088541
[127,304155,304165,304161,304158,304163] => [304160], 0.9622583771102158
[143,304155,304165,304158,304163] => [304160], 0.9518043963794522
[127,304165,304162,304156,304158,304163] => [304160], 0.9550911923746678
[127,304155,304165,304156,304163] => [304160], 0.9520408604943081
[127,304155,304159,304162,304161,304163] => [304160], 0.9552950270548828
[46,304155,304162,304156,304158,304163] => [304160], 0.95264247055078
[327,127,304155,304165,304158,304163] => [304160], 0.9679398053488182
[903,420,304158] => [304163], 0.9515700222749156
[201,304159,304166,304158,304160] => [304163], 0.9576691462982643
[420,304155,304165,304162,304158] => [304160], 0.9511695018226003
[127,304155,304159,304162,304161,304158,304163] => [304160], 0.9652402615865795
[327,304165,304156,304161,304158] => [304160], 0.9512212905577835
[201,420,304166,304156] => [304163], 0.9532325710216032
[304165,304162,304156,304161,304158,304163] => [304160], 0.9517960797509885
[327,304155,304165,304162,304158] => [304160], 0.9568653881502359
[98,304155,304162,304156,304158,304163] => [304160], 0.9592364121373791
[47,304155,304165,304156,304163] => [304160], 0.9547197822590622
[29,304155,304156,304158,304163] => [304160], 0.9559096945551129
[98,127,304155,304162,304161,304158] => [304160], 0.9562776141384389
[201,420,127,304165] => [304163], 0.9525547445255474
[127,304155,304165,304162,304156,304158] => [304160], 0.9709541200639124
[127,304155,304165,304156,304161,304158] => [304160], 0.9730317233883568
[495,304155,304162,304156,304158,304163] => [304160], 0.9679532577903682
[127,304155,304159,304165,304156,304158,304163] => [304160], 0.9735278699982527
[127,304155,304159,304165,304162,304156] => [304160], 0.9703144212190409
[127,304155,304166,304156,304158] => [304160], 0.9537105674985586
[143,304155,304165,304156,304158] => [304160], 0.9627692307692308
[327,304165,304162,304156,304158,304163] => [304160], 0.9596613148015017
[327,127,304155,304156,304158] => [304160], 0.9552715654952076
[22,304155,304165,304158] => [304160], 0.954352787740463
[143,304155,304162,304156,304158,304163] => [304160], 0.9604336043360434
[304155,304159,304165,304156,304161,304158] => [304160], 0.9661284535342662
[127,304155,304165,304162,304156] => [304160], 0.9622434017595308
[98,127,304155,304159,304158,304163] => [304160], 0.9530747229174115
[903,420,304158,304160] => [304163], 0.9602847829816435
[495,127,304162,304161,304158,304163] => [304160], 0.9572492415188011
[420,127,304159,304161,304160] => [304163], 0.9575993091537133
[143,127,304155,304156,304163] => [304160], 0.9524211949632384
[201,420,304166,304161,304160] => [304163], 0.9697854077253218
[201,420,304159,304166] => [304163], 0.9581907090464548
[127,304155,304162,304156,304158,304163] => [304160], 0.9577917727455447
[304155,304165,304162,304156,304158] => [304160], 0.9514842421864783
[201,304166,304162,304158,304160] => [304163], 0.9510136175981269
[127,304155,304166,304156,304158,304163] => [304160], 0.9564244810307803
[420,127,304162,304161,304158,304160] => [304163], 0.9540843566470902
[127,304155,304159,304162,304156,304158,304163] => [304160], 0.9681814721778184
[495,304155,304165,304162] => [304160], 0.9594641493718331
[420,304159,304166,304158,304160] => [304163], 0.956552207428171
[327,304155,304165,304161,304158] => [304160], 0.9574771108850457
[127,304155,304165,304162,304158,304163] => [304160], 0.9603841536614646
[327,304155,304156,304161,304163] => [304160], 0.9520834980627817
[47,304165,304162,304156,304161] => [304160], 0.9568021201413428
[98,127,304155,304162,304156] => [304160], 0.9535355397805845
[495,304165,304161,304158,304163] => [304160], 0.9526372443487621
[98,127,304155,304165,304158] => [304160], 0.9530735665620454
[304155,304166,304165,304156,304158] => [304160], 0.9556687134940842
[420,304166,304165,304162,304160] => [304163], 0.9546630030709552
[47,127,304165,304156,304158] => [304160], 0.9544460898385163
[143,304155,304159,304162,304161,304158] => [304160], 0.9506119260480861
[420,127,304159,304165,304160] => [304163], 0.9534555712270804
[46,304155,304165,304162,304158,304163] => [304160], 0.9544552944766554
[201,127,304165,304162,304161] => [304163], 0.9509095895420057
[201,420,304166,304158,304160] => [304163], 0.9668243243243243
[327,304155,304165,304156,304158,304163] => [304160], 0.9661610268378062
[495,127,304155,304158,304163] => [304160], 0.9554640718562875
[47,420,127,304162,304160] => [304163], 0.9512112485177029
[495,304165,304162,304161,304158,304163] => [304160], 0.9643389199255121
[127,304155,304159,304165,304162,304158,304163] => [304160], 0.9692862292718096
[495,304155,304165,304161] => [304160], 0.95910236604602
