[420,127,304166,304161,304158] => [304163], 0.9616752623154899
[127,304155,304165,304156,304161] => [304160], 0.9640593267277986
[143,127,304155,304156,304158,304163] => [304160], 0.9644571639586411
[127,304165,304162,304156,304161,304158,304163] => [304160], 0.9694386243768514
[98,127,304155,304165,304158,304163] => [304160], 0.9610093752738106
[127,304155,304165,304156,304161,304158,304163] => [304160], 0.9774615384615385
[201,420,127,304162,304158] => [304163], 0.9665119363395226
[495,304155,304165,304156,304158] => [304160], 0.9694796531020681
[127,304159,304165,304162,304156,304158,304163] => [304160], 0.9654680817361001
[98,304155,304165,304162,304158,304163] => [304160], 0.9611806223933269
[127,304155,304165,304156,304161,304163] => [304160], 0.9703515459551038
[47,304155,304165,304156,304161] => [304160], 0.9676676410665249
[327,304155,304165,304162,304156,304158] => [304160], 0.9716003700277521
[47,304155,304165,304161,304158] => [304160], 0.9650735294117647
[127,304165,304162,304156,304161,304158] => [304160], 0.964720974983964
[201,420,304166,304162,304158] => [304163], 0.9738812785388128
[304155,304159,304165,304162,304156,304161,304163] => [304160], 0.9728127939793039
[47,127,304155,304165,304162] => [304160], 0.9676076728193992
[304157,127,304155,304165,304158] => [304160], 0.9605143094151805
[304155,304165,304162,304156,304158,304163] => [304160], 0.9604187240766344
[327,127,304165,304161,304158,304163] => [304160], 0.9601243826595939
[127,304155,304165,304162,304156,304158,304163] => [304160], 0.9754876462938882
[304155,304165,304162,304156,304161,304163] => [304160], 0.9664944062695213
[127,304155,304159,304165,304161,304163] => [304160], 0.9636779073432084
[201,420,304166,304162,304160] => [304163], 0.9699010222294338
[143,304155,304165,304162,304156] => [304160], 0.9648085841593161
[47,304155,304165,304162,304158] => [304160], 0.961836387681844
[304159,304165,304162,304156,304161,304158,304163] => [304160], 0.9604981944137372
[304155,304159,304165,304162,304156,304158,304163] => [304160], 0.9692415239426774
[127,304165,304162,304156,304161,304163] => [304160], 0.9606568144499179
[127,304155,304159,304165,304162,304156,304158] => [304160], 0.9767419962335216
[127,304155,304159,304162,304156,304161] => [304160], 0.9675774134790528
[420,127,304159,304166,304160] => [304163], 0.9623023170283193
[127,304159,304165,304162,304161,304158,304163] => [304160], 0.9610290759628558
[495,304155,304165,304162,304158,304163] => [304160], 0.9732759393776343
[47,304155,304162,304161,304158,304163] => [304160], 0.9613852283174993
[201,420,304162,304158,304160] => [304163], 0.9634838546922301
[143,304155,304165,304156,304163] => [304160], 0.960947034415426
[127,304155,304165,304162,304161,304158] => [304160], 0.9671696333844159
[143,304155,304156,304161,304158,304163] => [304160], 0.9624362758250604
[47,304155,304159,304165,304158] => [304160], 0.9645140952895613
[327,304155,304165,304162,304161,304158] => [304160], 0.9704346204066405
[127,304159,304162,304156,304161,304158,304163] => [304160], 0.9607923051842191
[495,304155,304161,304158,304163] => [304160], 0.9607380073800738
[304155,304165,304156,304161,304158,304163] => [304160], 0.9615980865482571
[127,304155,304165,304162,304161,304158,304163] => [304160], 0.9719275123558484
[201,127,304166,304162,304158,304160] => [304163], 0.9656537753222836
[127,304155,304159,304156,304161,304158,304163] => [304160], 0.9733893557422969
[327,127,304155,304156,304158,304163] => [304160], 0.9646694591149153
[327,304165,304156,304161,304158,304163] => [304160], 0.9610266159695817
[127,304155,304165,304162,304156,304161] => [304160], 0.9751818916734034
[127,304155,304159,304165,304162,304161] => [304160], 0.9686498657659999
[47,304155,304165,304162,304156] => [304160], 0.9666045229796547
[495,304165,304156,304161,304158] => [304160], 0.9632571996027806
[304155,304159,304165,304162,304161,304158,304163] => [304160], 0.9677982676725342
[327,304155,304165,304162,304156] => [304160], 0.9633121019108281
[495,127,304162,304156,304158,304163] => [304160], 0.9600846132622092
[47,304155,304165,304162,304158,304163] => [304160], 0.9668532070598365
[304155,304159,304162,304156,304161,304158,304163] => [304160], 0.965547768351162
[47,127,304155,304156,304158,304163] => [304160], 0.9619443556124081
[495,304155,304165,304161,304158] => [304160], 0.9699582501361409
[47,304155,304165,304162,304156,304163] => [304160], 0.970017474478065
[495,304155,304159,304158,304163] => [304160], 0.9604972375690608
[495,127,304165,304162,304158] => [304160], 0.9601533844614871
[47,127,304165,304162,304156] => [304160], 0.9614015877361073
[127,304159,304165,304156,304161,304158] => [304160], 0.9613057189124691
[304155,304159,304165,304162,304161,304158] => [304160], 0.9625408169552092
[327,304155,304156,304161,304158,304163] => [304160], 0.9643774922463447
[127,304155,304162,304156,304161,304158] => [304160], 0.966569857257616
[47,127,304155,304162,304158,304163] => [304160], 0.9601486230511438
[495,304155,304165,304156] => [304160], 0.9608349146110057
[201,420,127,304166,304160] => [304163], 0.9696779261586803
[47,127,304165,304161,304158,304163] => [304160], 0.9610272176507821
[201,420,304159,304158,304160] => [304163], 0.9675371132176712
[47,127,304155,304165,304158,304163] => [304160], 0.969326662839334
[304155,304159,304165,304162,304156,304161] => [304160], 0.9676163657445751
[304155,304159,304165,304162,304156,304163] => [304160], 0.9621026894865525
[420,304166,304162,304161,304158,304160] => [304163], 0.9633900787113308
[327,127,304155,304165,304162] => [304160], 0.9630140529355979
[143,304155,304165,304161,304158,304163] => [304160], 0.9640109420413746
[201,420,304165,304162,304160] => [304163], 0.9642075785420495
[304155,304159,304165,304162,304156,304158] => [304160], 0.9635669253152279
[304157,304155,304165,304156,304158] => [304160], 0.9621680307332554
[327,304155,304165,304162,304158,304163] => [304160], 0.9668698458228756
[201,420,127,304166,304158] => [304163], 0.973036768043577
[127,304155,304165,304162,304156,304161,304163] => [304160], 0.9792760180995476
[201,420,304155,304158,304160] => [304163], 0.9634218289085545
[495,304155,304165,304158,304163] => [304160], 0.9644413211524947
[201,420,127,304161] => [304163], 0.9606602675974404
[143,304155,304165,304156,304158,304163] => [304160], 0.9692802286122522
[420,127,304166,304162,304158,304160] => [304163], 0.9632406287787183
[127,304155,304156,304161,304158,304163] => [304160], 0.9632527133491268
[495,304155,304162,304156,304163] => [304160], 0.961055997376404
[47,127,304155,304165,304158] => [304160], 0.9653382084095063
[495,127,304155,304165] => [304160], 0.9627631346187865
[304155,304159,304165,304162,304156,304161,304158] => [304160], 0.9734147655828992
[47,127,304155,304161,304158,304163] => [304160], 0.96236169054961
[201,420,304161,304158,304160] => [304163], 0.9629603298734537
[495,304165,304162,304156,304158,304163] => [304160], 0.9679032551372977
[47,127,304155,304162,304156,304158] => [304160], 0.968945257856943
[327,304155,304162,304156,304158,304163] => [304160], 0.961679831078439
[201,420,304162,304161,304160] => [304163], 0.9663272010512484
[304157,127,304155,304156,304158,304163] => [304160], 0.9622034210042303
[495,304165,304162,304156,304158] => [304160], 0.9602355280263057
[127,304155,304159,304156,304161,304163] => [304160], 0.964910775566232
[201,420,127,304162,304160] => [304163], 0.9664064891337618
[201,420,127,304161,304160] => [304163], 0.9700168544309412
[304157,304165,304162,304156,304158,304163] => [304160], 0.9609760473670046
[327,304155,304165,304156,304161] => [304160], 0.9632305862983628
[127,304155,304159,304165,304162,304161,304158] => [304160], 0.9753828807667011
[127,304155,304162,304156,304161,304158,304163] => [304160], 0.9723122446103988
[127,304155,304159,304156,304161,304158] => [304160], 0.9674137788437681
[47,304155,304165,304161,304158,304163] => [304160], 0.968539690261899
[327,304155,304165,304161,304158,304163] => [304160], 0.967442229810212
[127,304155,304165,304162,304156,304163] => [304160], 0.9683563377734916
[47,304155,304165,304156,304158,304163] => [304160], 0.9651782056534207
