[304160,304163], 538794
[304164,304160], 135177
[47,304160], 155845
[47,304163], 163637
[304155,304162], 146126
[304155,304160], 274055
[304155,304160,304163], 151483
[304155,304158], 217830
[304155,304158,304160], 168657
[304155,304156], 144183
[304155,304163], 208140
[201,304163], 202186
[127,304162], 139399
[127,304160], 209761
[127,304160,304163], 140291
[127,304158], 173125
[127,304163], 225059
[304158,304160], 509967
[304158,304160,304163], 273874
[304158,304163], 427956
[7,304163], 136100
[304161,304160], 328334
[304161,304160,304163], 183225
[304161,304158], 237215
[304161,304158,304160], 170018
[304161,304158,304163], 146952
[304161,304163], 316631
[304162,304161], 193941
[304162,304160], 341955
[304162,304160,304163], 184127
[304162,304158], 268673
[304162,304158,304160], 189131
[304162,304158,304163], 161898
[304162,304163], 291120
[46,304160], 145073
[46,304163], 159529
[304156,304162], 163243
[304156,304161], 159200
[304156,304160], 361930
[304156,304160,304163], 184883
[304156,304158], 300154
[304156,304158,304160], 204304
[304156,304158,304163], 161140
[304156,304163], 301761
[420,304160], 137381
[420,304163], 252409
[304165,304162], 146141
[304165,304161], 155159
[304165,304160], 310931
[304165,304160,304163], 183958
[304165,304158], 235008
[304165,304158,304160], 177653
[304165,304158,304163], 148046
[304165,304156], 170894
[304165,304163], 275438
[304159,304162], 166532
[304159,304161], 134452
[304159,304160], 217840
[304159,304158], 168264
[304159,304163], 222575
[304166,304160], 184672
[304166,304158], 137630
[304166,304163], 309510
